[01Feb2026 00:00:19.010] [Worker-Main-1/ERROR] [net.minecraft.Util/]: Detected setBlock in a far chunk [19, 29], pos: BlockPos{x=317, y=-64, z=467}, status: minecraft:features, currently generating: ResourceKey[minecraft:worldgen/placed_feature / tfmg:oil_deposit]
[01Feb2026 00:00:19.022] [Worker-Main-1/ERROR] [net.minecraft.Util/]: Detected setBlock in a far chunk [19, 29], pos: BlockPos{x=317, y=-63, z=467}, status: minecraft:features, currently generating: ResourceKey[minecraft:worldgen/placed_feature / tfmg:oil_deposit]
[01Feb2026 00:00:19.023] [Worker-Main-1/ERROR] [net.minecraft.Util/]: Detected setBlock in a far chunk [19, 29], pos: BlockPos{x=317, y=-63, z=468}, status: minecraft:features, currently generating: ResourceKey[minecraft:worldgen/placed_feature / tfmg:oil_deposit]
[01Feb2026 00:00:19.024] [Worker-Main-1/ERROR] [net.minecraft.Util/]: Detected setBlock in a far chunk [19, 29], pos: BlockPos{x=317, y=-63, z=466}, status: minecraft:features, currently generating: ResourceKey[minecraft:worldgen/placed_feature / tfmg:oil_deposit]
[01Feb2026 00:00:19.024] [Worker-Main-1/ERROR] [net.minecraft.Util/]: Detected setBlock in a far chunk [19, 29], pos: BlockPos{x=317, y=-62, z=467}, status: minecraft:features, currently generating: ResourceKey[minecraft:worldgen/placed_feature / tfmg:oil_deposit]
[01Feb2026 00:00:19.024] [Worker-Main-1/ERROR] [net.minecraft.Util/]: Detected setBlock in a far chunk [19, 29], pos: BlockPos{x=318, y=-62, z=467}, status: minecraft:features, currently generating: ResourceKey[minecraft:worldgen/placed_feature / tfmg:oil_deposit]
[01Feb2026 00:00:19.027] [Worker-Main-1/ERROR] [net.minecraft.Util/]: Detected setBlock in a far chunk [19, 29], pos: BlockPos{x=317, y=-61, z=467}, status: minecraft:features, currently generating: ResourceKey[minecraft:worldgen/placed_feature / tfmg:oil_deposit]
[01Feb2026 00:00:19.027] [Worker-Main-1/ERROR] [net.minecraft.Util/]: Detected setBlock in a far chunk [19, 29], pos: BlockPos{x=317, y=-61, z=468}, status: minecraft:features, currently generating: ResourceKey[minecraft:worldgen/placed_feature / tfmg:oil_deposit]
[01Feb2026 00:00:19.028] [Worker-Main-1/ERROR] [net.minecraft.Util/]: Detected setBlock in a far chunk [19, 29], pos: BlockPos{x=317, y=-60, z=467}, status: minecraft:features, currently generating: ResourceKey[minecraft:worldgen/placed_feature / tfmg:oil_deposit]
[01Feb2026 00:00:19.029] [Worker-Main-1/ERROR] [net.minecraft.Util/]: Detected setBlock in a far chunk [19, 29], pos: BlockPos{x=317, y=-60, z=466}, status: minecraft:features, currently generating: ResourceKey[minecraft:worldgen/placed_feature / tfmg:oil_deposit]
[01Feb2026 00:07:08.528] [Server thread/INFO] [net.minecraft.server.MinecraftServer/]: [Not Secure] <harry_af> si
[01Feb2026 00:11:21.788] [Server thread/INFO] [net.minecraft.server.MinecraftServer/]: harry_af has made the advancement [Sweet Dreams]
[01Feb2026 00:11:57.160] [Server thread/INFO] [net.minecraft.server.MinecraftServer/]: Monarca was shot by Skeleton
[01Feb2026 00:12:03.273] [Server thread/INFO] [net.minecraft.server.MinecraftServer/]: [Not Secure] <harry_af> xd
[01Feb2026 00:14:59.019] [Server thread/INFO] [net.minecraft.server.MinecraftServer/]: Monarca was slain by Iron Golem
[01Feb2026 00:15:49.049] [Server thread/WARN] [net.minecraft.server.level.ServerPlayerGameMode/]: Mismatch in destroy block pos: BlockPos{x=-352, y=85, z=228} BlockPos{x=-353, y=83, z=229}
[01Feb2026 00:15:49.115] [Server thread/WARN] [net.minecraft.server.level.ServerPlayerGameMode/]: Mismatch in destroy block pos: BlockPos{x=-352, y=85, z=228} BlockPos{x=-353, y=83, z=229}
[01Feb2026 00:22:03.639] [Server thread/INFO] [net.minecraft.server.MinecraftServer/]: [Not Secure] <Monarca> zzz
[01Feb2026 00:22:47.093] [Server thread/INFO] [net.minecraft.server.MinecraftServer/]: [Not Secure] <Monarca> bro yo deje la andesita en el otro cofre
[01Feb2026 00:24:37.300] [Server thread/INFO] [net.minecraft.server.MinecraftServer/]: harry_af has made the advancement [A Seedy Place]
[01Feb2026 00:24:52.700] [Server thread/INFO] [net.minecraft.server.MinecraftServer/]: Monarca has made the advancement [A Seedy Place]
[01Feb2026 00:26:00.998] [Server thread/INFO] [net.minecraft.server.MinecraftServer/]: [Not Secure] <Monarca> tienes an
[01Feb2026 00:26:12.441] [Server thread/INFO] [net.minecraft.server.MinecraftServer/]: [Not Secure] <Monarca> pan
[01Feb2026 00:26:58.606] [Server thread/INFO] [net.minecraft.server.MinecraftServer/]: harry_af was slain by Iron Golem
[01Feb2026 00:27:02.381] [Server thread/INFO] [net.minecraft.server.MinecraftServer/]: [Not Secure] <Monarca> Xd
[01Feb2026 00:28:05.863] [Server thread/INFO] [net.minecraft.server.MinecraftServer/]: [Not Secure] <harry_af> xs
[01Feb2026 00:29:34.409] [Server thread/INFO] [net.minecraft.server.MinecraftServer/]: harry_af was slain by Iron Golem
[01Feb2026 00:34:45.214] [Server thread/INFO] [net.minecraft.server.MinecraftServer/]: [Not Secure] <Monarca> zzz
[01Feb2026 00:34:59.029] [Server thread/INFO] [net.minecraft.server.MinecraftServer/]: [Not Secure] <Monarca> hay que hacer granja de lana
[01Feb2026 00:38:07.035] [Server thread/WARN] [net.minecraft.server.level.ServerPlayerGameMode/]: Mismatch in destroy block pos: BlockPos{x=-371, y=84, z=225} BlockPos{x=-371, y=83, z=226}
[01Feb2026 00:39:58.817] [Server thread/INFO] [net.minecraft.server.MinecraftServer/]: harry_af has made the advancement [What a Deal!]
[01Feb2026 00:54:29.308] [Server thread/INFO] [net.minecraft.server.MinecraftServer/]: harry_af was slain by Iron Golem
[01Feb2026 01:00:31.961] [Server thread/INFO] [net.minecraft.server.MinecraftServer/]: [Not Secure] <Monarca> blo vamo a minar zinc
[01Feb2026 01:01:06.016] [Server thread/INFO] [net.minecraft.server.MinecraftServer/]: [Not Secure] <Monarca> cinc**
[01Feb2026 01:01:37.195] [Server thread/INFO] [net.minecraft.server.MinecraftServer/]: [Not Secure] <harry_af> ontas
[01Feb2026 01:03:33.096] [Server thread/INFO] [net.minecraft.server.MinecraftServer/]: [Not Secure] <Monarca> ven
[01Feb2026 01:03:46.576] [Server thread/INFO] [net.minecraft.server.MinecraftServer/]: [Not Secure] <Monarca> wtf
[01Feb2026 01:03:58.439] [Server thread/INFO] [net.minecraft.server.MinecraftServer/]: [Not Secure] <harry_af> xd
[01Feb2026 01:05:29.118] [Server thread/INFO] [net.minecraft.server.MinecraftServer/]: Monarca drowned
[01Feb2026 01:05:41.081] [Server thread/INFO] [net.minecraft.server.MinecraftServer/]: [Not Secure] <harry_af> glu glu glu
[01Feb2026 01:06:04.845] [Server thread/INFO] [net.minecraft.server.MinecraftServer/]: [Not Secure] <harry_af> bro
[01Feb2026 01:06:09.432] [Server thread/INFO] [net.minecraft.server.MinecraftServer/]: [Not Secure] <Monarca> hai
[01Feb2026 01:06:15.511] [Server thread/INFO] [net.minecraft.server.MinecraftServer/]: [Not Secure] <harry_af> me tengo q ir
[01Feb2026 01:06:18.880] [Server thread/INFO] [net.minecraft.server.MinecraftServer/]: [Not Secure] <harry_af> a mimir
[01Feb2026 01:06:36.011] [Server thread/INFO] [net.minecraft.server.MinecraftServer/]: [Not Secure] <harry_af> mañana me conecto por la mañana
[01Feb2026 01:06:44.596] [Server thread/INFO] [net.minecraft.server.MinecraftServer/]: [Not Secure] <Monarca> zy bro
[01Feb2026 01:06:51.684] [Server thread/INFO] [net.minecraft.server.MinecraftServer/]: [Not Secure] <harry_af> janeee
[01Feb2026 01:06:58.463] [Server thread/INFO] [net.minecraft.server.MinecraftServer/]: [Not Secure] <Monarca> yo recupero mis cosas y me duermo
[01Feb2026 01:07:02.244] [Server thread/INFO] [net.minecraft.server.MinecraftServer/]: [Not Secure] <Monarca> mataashita
[01Feb2026 01:07:04.396] [Server thread/INFO] [net.minecraft.server.MinecraftServer/]: [Not Secure] <Monarca> neee
[01Feb2026 01:07:06.275] [Server thread/INFO] [net.minecraft.server.MinecraftServer/]: [Not Secure] <harry_af> gambaree
[01Feb2026 01:07:09.217] [Server thread/INFO] [net.minecraft.server.MinecraftServer/]: [Not Secure] <Monarca> ^^
[01Feb2026 01:07:17.462] [Server thread/INFO] [net.minecraft.server.network.ServerGamePacketListenerImpl/]: harry_af lost connection: Disconnected
[01Feb2026 01:07:17.463] [Server thread/INFO] [net.minecraft.server.MinecraftServer/]: harry_af left the game
[01Feb2026 01:07:35.536] [Server thread/INFO] [net.minecraft.server.MinecraftServer/]: Made Monarca a server operator
[01Feb2026 01:07:46.017] [Server thread/INFO] [net.minecraft.server.MinecraftServer/]: [Monarca: Set own game mode to Creative Mode]
[01Feb2026 01:19:43.281] [Server thread/INFO] [net.minecraft.server.MinecraftServer/]: [Monarca: Set own game mode to Survival Mode]
[01Feb2026 01:20:48.745] [Server thread/INFO] [net.minecraft.server.MinecraftServer/]: [Monarca: Set own game mode to Creative Mode]
[01Feb2026 01:26:48.168] [Server thread/INFO] [net.minecraft.server.MinecraftServer/]: [Monarca: Set own game mode to Survival Mode]
[01Feb2026 01:28:19.214] [Server thread/INFO] [net.minecraft.server.MinecraftServer/]: [Monarca: Set own game mode to Creative Mode]
[01Feb2026 01:29:03.287] [Server thread/INFO] [net.minecraft.server.MinecraftServer/]: [Monarca: Set own game mode to Survival Mode]
[01Feb2026 01:30:20.662] [Server thread/INFO] [net.minecraft.server.MinecraftServer/]: [Monarca: Set own game mode to Creative Mode]
[01Feb2026 01:30:29.475] [Server thread/INFO] [net.minecraft.server.MinecraftServer/]: [Monarca: Set own game mode to Survival Mode]
[01Feb2026 01:34:25.732] [Server thread/INFO] [net.minecraft.server.MinecraftServer/]: Monarca has made the advancement [The Andesite Age]
[01Feb2026 01:34:56.044] [Server thread/INFO] [net.minecraft.server.MinecraftServer/]: [Monarca: Made Monarca no longer a server operator]
[01Feb2026 01:34:59.358] [Server thread/INFO] [net.minecraft.server.network.ServerGamePacketListenerImpl/]: Monarca lost connection: Disconnected
[01Feb2026 01:34:59.358] [Server thread/INFO] [net.minecraft.server.MinecraftServer/]: Monarca left the game
[01Feb2026 01:35:07.503] [Server thread/INFO] [net.minecraft.server.MinecraftServer/]: Stopping the server
[01Feb2026 01:35:07.552] [Server thread/INFO] [net.minecraft.server.MinecraftServer/]: Stopping server
[01Feb2026 01:35:07.553] [Server thread/INFO] [net.minecraft.server.MinecraftServer/]: Saving players
[01Feb2026 01:35:07.553] [Physics thread/INFO] [Burger Factory/]: Deleting VSPhysicsPipelineStage resources!
[01Feb2026 01:35:07.553] [Server thread/INFO] [net.minecraft.server.MinecraftServer/]: Saving worlds
[01Feb2026 01:35:07.555] [Physics thread/WARN] [org.valkyrienskies.core.impl.shadow.FI/]: Physics pipeline ending
[01Feb2026 01:35:07.591] [DefaultDispatcher-worker-2/INFO] [Burger Factory/]: VSPhysicsPipelineStage is fully deleted!
[01Feb2026 01:35:07.704] [Server thread/INFO] [net.minecraft.server.MinecraftServer/]: Saving chunks for level 'ServerLevel[ElReino]'/minecraft:overworld
[01Feb2026 01:35:08.150] [Server thread/INFO] [net.minecraft.server.MinecraftServer/]: Saving chunks for level 'ServerLevel[ElReino]'/minecraft:the_nether
[01Feb2026 01:35:08.151] [Server thread/INFO] [net.minecraft.server.MinecraftServer/]: Saving chunks for level 'ServerLevel[ElReino]'/minecraft:the_end
[01Feb2026 01:35:08.184] [Server thread/INFO] [net.minecraft.server.MinecraftServer/]: ThreadedAnvilChunkStorage (ElReino): All chunks are saved
[01Feb2026 01:35:08.184] [Server thread/INFO] [net.minecraft.server.MinecraftServer/]: ThreadedAnvilChunkStorage (DIM-1): All chunks are saved
[01Feb2026 01:35:08.184] [Server thread/INFO] [net.minecraft.server.MinecraftServer/]: ThreadedAnvilChunkStorage (DIM1): All chunks are saved
[01Feb2026 01:35:08.184] [Server thread/INFO] [net.minecraft.server.MinecraftServer/]: ThreadedAnvilChunkStorage: All dimensions are saved
[01Feb2026 01:35:08.227] [Server thread/INFO] [Meringue Factory/]: Disabling Kelvin...
[01Feb2026 01:35:08.227] [Server thread/INFO] [Meringue Factory/]: Dumping Kelvin information...
[01Feb2026 01:35:08.227] [Server thread/INFO] [Meringue Factory/]: Dumped Kelvin information. Now get out!
